2025-02-07T09:41:34.011+07:00  INFO 25112 --- [fifpractice] [main] c.f.fifpractice.FifpracticeApplication   : Starting FifpracticeApplication using Java 23.0.2 with PID 25112 (/Users/christopheralexander/Downloads/fifpractice/target/classes started by christopheralexander in /Users/christopheralexander/Downloads/fifpractice)
2025-02-07T09:41:34.012+07:00 DEBUG 25112 --- [fifpractice] [main] c.f.fifpractice.FifpracticeApplication   : Running with Spring Boot v3.4.2, Spring v6.2.2
2025-02-07T09:41:34.013+07:00  INFO 25112 --- [fifpractice] [main] c.f.fifpractice.FifpracticeApplication   : No active profile set, falling back to 1 default profile: "default"
2025-02-07T09:41:34.401+07:00  INFO 25112 --- [fifpractice] [main] .s.d.r.c.RepositoryConfigurationDelegate : Bootstrapping Spring Data JPA repositories in DEFAULT mode.
2025-02-07T09:41:34.437+07:00  INFO 25112 --- [fifpractice] [main] .s.d.r.c.RepositoryConfigurationDelegate : Finished Spring Data repository scanning in 30 ms. Found 2 JPA repository interfaces.
2025-02-07T09:41:34.761+07:00  INFO 25112 --- [fifpractice] [main] o.s.b.w.embedded.tomcat.TomcatWebServer  : Tomcat initialized with port 8080 (http)
2025-02-07T09:41:34.783+07:00  INFO 25112 --- [fifpractice] [main] o.apache.catalina.core.StandardService   : Starting service [Tomcat]
2025-02-07T09:41:34.783+07:00  INFO 25112 --- [fifpractice] [main] o.apache.catalina.core.StandardEngine    : Starting Servlet engine: [Apache Tomcat/10.1.34]
2025-02-07T09:41:34.834+07:00  INFO 25112 --- [fifpractice] [main] o.a.c.c.C.[Tomcat].[localhost].[/]       : Initializing Spring embedded WebApplicationContext
2025-02-07T09:41:34.835+07:00  INFO 25112 --- [fifpractice] [main] w.s.c.ServletWebServerApplicationContext : Root WebApplicationContext: initialization completed in 783 ms
2025-02-07T09:41:34.935+07:00  INFO 25112 --- [fifpractice] [main] o.hibernate.jpa.internal.util.LogHelper  : HHH000204: Processing PersistenceUnitInfo [name: default]
2025-02-07T09:41:34.974+07:00  INFO 25112 --- [fifpractice] [main] org.hibernate.Version                    : HHH000412: Hibernate ORM core version 6.6.5.Final
2025-02-07T09:41:34.998+07:00  INFO 25112 --- [fifpractice] [main] o.h.c.internal.RegionFactoryInitiator    : HHH000026: Second-level cache disabled
2025-02-07T09:41:35.184+07:00  INFO 25112 --- [fifpractice] [main] o.s.o.j.p.SpringPersistenceUnitInfo      : No LoadTimeWeaver setup: ignoring JPA class transformer
2025-02-07T09:41:35.203+07:00  INFO 25112 --- [fifpractice] [main] com.zaxxer.hikari.HikariDataSource       : HikariPool-1 - Starting...
2025-02-07T09:41:35.374+07:00  INFO 25112 --- [fifpractice] [main] com.zaxxer.hikari.pool.HikariPool        : HikariPool-1 - Added connection com.mysql.cj.jdbc.ConnectionImpl@6ef1c3f7
2025-02-07T09:41:35.375+07:00  INFO 25112 --- [fifpractice] [main] com.zaxxer.hikari.HikariDataSource       : HikariPool-1 - Start completed.
2025-02-07T09:41:35.433+07:00  WARN 25112 --- [fifpractice] [main] org.hibernate.orm.deprecation            : HHH90000025: MySQL8Dialect does not need to be specified explicitly using 'hibernate.dialect' (remove the property setting and it will be selected by default)
2025-02-07T09:41:35.434+07:00  WARN 25112 --- [fifpractice] [main] org.hibernate.orm.deprecation            : HHH90000026: MySQL8Dialect has been deprecated; use org.hibernate.dialect.MySQLDialect instead
2025-02-07T09:41:35.445+07:00  INFO 25112 --- [fifpractice] [main] org.hibernate.orm.connections.pooling    : HHH10001005: Database info:
	Database JDBC URL [Connecting through datasource 'HikariDataSource (HikariPool-1)']
	Database driver: undefined/unknown
	Database version: 8.0
	Autocommit mode: undefined/unknown
	Isolation level: undefined/unknown
	Minimum pool size: undefined/unknown
	Maximum pool size: undefined/unknown
2025-02-07T09:41:36.019+07:00  INFO 25112 --- [fifpractice] [main] o.h.e.t.j.p.i.JtaPlatformInitiator       : HHH000489: No JTA platform available (set 'hibernate.transaction.jta.platform' to enable JTA platform integration)
2025-02-07T09:41:36.158+07:00  INFO 25112 --- [fifpractice] [main] j.LocalContainerEntityManagerFactoryBean : Initialized JPA EntityManagerFactory for persistence unit 'default'
2025-02-07T09:41:36.356+07:00  WARN 25112 --- [fifpractice] [main] JpaBaseConfiguration$JpaWebConfiguration : spring.jpa.open-in-view is enabled by default. Therefore, database queries may be performed during view rendering. Explicitly configure spring.jpa.open-in-view to disable this warning
2025-02-07T09:41:36.583+07:00  INFO 25112 --- [fifpractice] [main] o.s.b.w.embedded.tomcat.TomcatWebServer  : Tomcat started on port 8080 (http) with context path '/'
2025-02-07T09:41:36.590+07:00  INFO 25112 --- [fifpractice] [main] c.f.fifpractice.FifpracticeApplication   : Started FifpracticeApplication in 2.868 seconds (process running for 3.127)
2025-02-07T09:52:42.692+07:00  INFO 25112 --- [fifpractice] [SpringApplicationShutdownHook] o.s.b.w.e.tomcat.GracefulShutdown        : Commencing graceful shutdown. Waiting for active requests to complete
2025-02-07T09:52:42.711+07:00  INFO 25112 --- [fifpractice] [tomcat-shutdown] o.s.b.w.e.tomcat.GracefulShutdown        : Graceful shutdown complete
2025-02-07T09:52:42.721+07:00  INFO 25112 --- [fifpractice] [SpringApplicationShutdownHook] j.LocalContainerEntityManagerFactoryBean : Closing JPA EntityManagerFactory for persistence unit 'default'
2025-02-07T09:52:42.732+07:00  INFO 25112 --- [fifpractice] [SpringApplicationShutdownHook] com.zaxxer.hikari.HikariDataSource       : HikariPool-1 - Shutdown initiated...
2025-02-07T09:52:42.749+07:00  INFO 25112 --- [fifpractice] [SpringApplicationShutdownHook] com.zaxxer.hikari.HikariDataSource       : HikariPool-1 - Shutdown completed.
2025-02-07T09:52:52.985+07:00  INFO 30960 --- [fifpractice] [main] c.f.fifpractice.FifpracticeApplication   : Starting FifpracticeApplication using Java 23.0.2 with PID 30960 (/Users/christopheralexander/Downloads/fifpractice/target/classes started by christopheralexander in /Users/christopheralexander/Downloads/fifpractice)
2025-02-07T09:52:52.986+07:00 DEBUG 30960 --- [fifpractice] [main] c.f.fifpractice.FifpracticeApplication   : Running with Spring Boot v3.4.2, Spring v6.2.2
2025-02-07T09:52:52.986+07:00  INFO 30960 --- [fifpractice] [main] c.f.fifpractice.FifpracticeApplication   : No active profile set, falling back to 1 default profile: "default"
2025-02-07T09:52:53.374+07:00  INFO 30960 --- [fifpractice] [main] .s.d.r.c.RepositoryConfigurationDelegate : Bootstrapping Spring Data JPA repositories in DEFAULT mode.
2025-02-07T09:52:53.409+07:00  INFO 30960 --- [fifpractice] [main] .s.d.r.c.RepositoryConfigurationDelegate : Finished Spring Data repository scanning in 30 ms. Found 2 JPA repository interfaces.
2025-02-07T09:52:53.738+07:00  INFO 30960 --- [fifpractice] [main] o.s.b.w.embedded.tomcat.TomcatWebServer  : Tomcat initialized with port 8080 (http)
2025-02-07T09:52:53.760+07:00  INFO 30960 --- [fifpractice] [main] o.apache.catalina.core.StandardService   : Starting service [Tomcat]
2025-02-07T09:52:53.760+07:00  INFO 30960 --- [fifpractice] [main] o.apache.catalina.core.StandardEngine    : Starting Servlet engine: [Apache Tomcat/10.1.34]
2025-02-07T09:52:53.799+07:00  INFO 30960 --- [fifpractice] [main] o.a.c.c.C.[Tomcat].[localhost].[/]       : Initializing Spring embedded WebApplicationContext
2025-02-07T09:52:53.800+07:00  INFO 30960 --- [fifpractice] [main] w.s.c.ServletWebServerApplicationContext : Root WebApplicationContext: initialization completed in 777 ms
2025-02-07T09:52:53.902+07:00  INFO 30960 --- [fifpractice] [main] o.hibernate.jpa.internal.util.LogHelper  : HHH000204: Processing PersistenceUnitInfo [name: default]
2025-02-07T09:52:53.942+07:00  INFO 30960 --- [fifpractice] [main] org.hibernate.Version                    : HHH000412: Hibernate ORM core version 6.6.5.Final
2025-02-07T09:52:53.964+07:00  INFO 30960 --- [fifpractice] [main] o.h.c.internal.RegionFactoryInitiator    : HHH000026: Second-level cache disabled
2025-02-07T09:52:54.154+07:00  INFO 30960 --- [fifpractice] [main] o.s.o.j.p.SpringPersistenceUnitInfo      : No LoadTimeWeaver setup: ignoring JPA class transformer
2025-02-07T09:52:54.173+07:00  INFO 30960 --- [fifpractice] [main] com.zaxxer.hikari.HikariDataSource       : HikariPool-1 - Starting...
2025-02-07T09:52:54.337+07:00  INFO 30960 --- [fifpractice] [main] com.zaxxer.hikari.pool.HikariPool        : HikariPool-1 - Added connection com.mysql.cj.jdbc.ConnectionImpl@e4ca109
2025-02-07T09:52:54.338+07:00  INFO 30960 --- [fifpractice] [main] com.zaxxer.hikari.HikariDataSource       : HikariPool-1 - Start completed.
2025-02-07T09:52:54.382+07:00  WARN 30960 --- [fifpractice] [main] org.hibernate.orm.deprecation            : HHH90000025: MySQL8Dialect does not need to be specified explicitly using 'hibernate.dialect' (remove the property setting and it will be selected by default)
2025-02-07T09:52:54.383+07:00  WARN 30960 --- [fifpractice] [main] org.hibernate.orm.deprecation            : HHH90000026: MySQL8Dialect has been deprecated; use org.hibernate.dialect.MySQLDialect instead
2025-02-07T09:52:54.394+07:00  INFO 30960 --- [fifpractice] [main] org.hibernate.orm.connections.pooling    : HHH10001005: Database info:
	Database JDBC URL [Connecting through datasource 'HikariDataSource (HikariPool-1)']
	Database driver: undefined/unknown
	Database version: 8.0
	Autocommit mode: undefined/unknown
	Isolation level: undefined/unknown
	Minimum pool size: undefined/unknown
	Maximum pool size: undefined/unknown
2025-02-07T09:52:54.970+07:00  INFO 30960 --- [fifpractice] [main] o.h.e.t.j.p.i.JtaPlatformInitiator       : HHH000489: No JTA platform available (set 'hibernate.transaction.jta.platform' to enable JTA platform integration)
2025-02-07T09:52:55.044+07:00  INFO 30960 --- [fifpractice] [main] j.LocalContainerEntityManagerFactoryBean : Initialized JPA EntityManagerFactory for persistence unit 'default'
2025-02-07T09:52:55.240+07:00  WARN 30960 --- [fifpractice] [main] JpaBaseConfiguration$JpaWebConfiguration : spring.jpa.open-in-view is enabled by default. Therefore, database queries may be performed during view rendering. Explicitly configure spring.jpa.open-in-view to disable this warning
2025-02-07T09:52:55.466+07:00  INFO 30960 --- [fifpractice] [main] o.s.b.w.embedded.tomcat.TomcatWebServer  : Tomcat started on port 8080 (http) with context path '/'
2025-02-07T09:52:55.473+07:00  INFO 30960 --- [fifpractice] [main] c.f.fifpractice.FifpracticeApplication   : Started FifpracticeApplication in 2.779 seconds (process running for 3.032)
2025-02-07T10:13:38.296+07:00  INFO 30960 --- [fifpractice] [SpringApplicationShutdownHook] o.s.b.w.e.tomcat.GracefulShutdown        : Commencing graceful shutdown. Waiting for active requests to complete
2025-02-07T10:13:38.310+07:00  INFO 30960 --- [fifpractice] [tomcat-shutdown] o.s.b.w.e.tomcat.GracefulShutdown        : Graceful shutdown complete
2025-02-07T10:13:38.316+07:00  INFO 30960 --- [fifpractice] [SpringApplicationShutdownHook] j.LocalContainerEntityManagerFactoryBean : Closing JPA EntityManagerFactory for persistence unit 'default'
2025-02-07T10:13:38.327+07:00  INFO 30960 --- [fifpractice] [SpringApplicationShutdownHook] com.zaxxer.hikari.HikariDataSource       : HikariPool-1 - Shutdown initiated...
2025-02-07T10:13:38.351+07:00  INFO 30960 --- [fifpractice] [SpringApplicationShutdownHook] com.zaxxer.hikari.HikariDataSource       : HikariPool-1 - Shutdown completed.
2025-02-07T10:18:12.845+07:00  INFO 43867 --- [fifpractice] [main] c.f.fifpractice.FifpracticeApplication   : Starting FifpracticeApplication using Java 23.0.2 with PID 43867 (/Users/christopheralexander/Downloads/fifpractice/target/classes started by christopheralexander in /Users/christopheralexander/Downloads/fifpractice)
2025-02-07T10:18:12.847+07:00 DEBUG 43867 --- [fifpractice] [main] c.f.fifpractice.FifpracticeApplication   : Running with Spring Boot v3.4.2, Spring v6.2.2
2025-02-07T10:18:12.847+07:00  INFO 43867 --- [fifpractice] [main] c.f.fifpractice.FifpracticeApplication   : No active profile set, falling back to 1 default profile: "default"
2025-02-07T10:18:13.235+07:00  INFO 43867 --- [fifpractice] [main] .s.d.r.c.RepositoryConfigurationDelegate : Bootstrapping Spring Data JPA repositories in DEFAULT mode.
2025-02-07T10:18:13.271+07:00  INFO 43867 --- [fifpractice] [main] .s.d.r.c.RepositoryConfigurationDelegate : Finished Spring Data repository scanning in 30 ms. Found 2 JPA repository interfaces.
2025-02-07T10:18:13.594+07:00  INFO 43867 --- [fifpractice] [main] o.s.b.w.embedded.tomcat.TomcatWebServer  : Tomcat initialized with port 8080 (http)
2025-02-07T10:18:13.616+07:00  INFO 43867 --- [fifpractice] [main] o.apache.catalina.core.StandardService   : Starting service [Tomcat]
2025-02-07T10:18:13.616+07:00  INFO 43867 --- [fifpractice] [main] o.apache.catalina.core.StandardEngine    : Starting Servlet engine: [Apache Tomcat/10.1.34]
2025-02-07T10:18:13.655+07:00  INFO 43867 --- [fifpractice] [main] o.a.c.c.C.[Tomcat].[localhost].[/]       : Initializing Spring embedded WebApplicationContext
2025-02-07T10:18:13.656+07:00  INFO 43867 --- [fifpractice] [main] w.s.c.ServletWebServerApplicationContext : Root WebApplicationContext: initialization completed in 773 ms
2025-02-07T10:18:13.757+07:00  INFO 43867 --- [fifpractice] [main] o.hibernate.jpa.internal.util.LogHelper  : HHH000204: Processing PersistenceUnitInfo [name: default]
2025-02-07T10:18:13.797+07:00  INFO 43867 --- [fifpractice] [main] org.hibernate.Version                    : HHH000412: Hibernate ORM core version 6.6.5.Final
2025-02-07T10:18:13.819+07:00  INFO 43867 --- [fifpractice] [main] o.h.c.internal.RegionFactoryInitiator    : HHH000026: Second-level cache disabled
2025-02-07T10:18:14.009+07:00  INFO 43867 --- [fifpractice] [main] o.s.o.j.p.SpringPersistenceUnitInfo      : No LoadTimeWeaver setup: ignoring JPA class transformer
2025-02-07T10:18:14.028+07:00  INFO 43867 --- [fifpractice] [main] com.zaxxer.hikari.HikariDataSource       : HikariPool-1 - Starting...
2025-02-07T10:18:14.191+07:00  INFO 43867 --- [fifpractice] [main] com.zaxxer.hikari.pool.HikariPool        : HikariPool-1 - Added connection com.mysql.cj.jdbc.ConnectionImpl@3ee6dc82
2025-02-07T10:18:14.192+07:00  INFO 43867 --- [fifpractice] [main] com.zaxxer.hikari.HikariDataSource       : HikariPool-1 - Start completed.
2025-02-07T10:18:14.241+07:00  WARN 43867 --- [fifpractice] [main] org.hibernate.orm.deprecation            : HHH90000025: MySQL8Dialect does not need to be specified explicitly using 'hibernate.dialect' (remove the property setting and it will be selected by default)
2025-02-07T10:18:14.241+07:00  WARN 43867 --- [fifpractice] [main] org.hibernate.orm.deprecation            : HHH90000026: MySQL8Dialect has been deprecated; use org.hibernate.dialect.MySQLDialect instead
2025-02-07T10:18:14.254+07:00  INFO 43867 --- [fifpractice] [main] org.hibernate.orm.connections.pooling    : HHH10001005: Database info:
	Database JDBC URL [Connecting through datasource 'HikariDataSource (HikariPool-1)']
	Database driver: undefined/unknown
	Database version: 8.0
	Autocommit mode: undefined/unknown
	Isolation level: undefined/unknown
	Minimum pool size: undefined/unknown
	Maximum pool size: undefined/unknown
2025-02-07T10:18:14.833+07:00  INFO 43867 --- [fifpractice] [main] o.h.e.t.j.p.i.JtaPlatformInitiator       : HHH000489: No JTA platform available (set 'hibernate.transaction.jta.platform' to enable JTA platform integration)
2025-02-07T10:18:14.959+07:00  INFO 43867 --- [fifpractice] [main] j.LocalContainerEntityManagerFactoryBean : Initialized JPA EntityManagerFactory for persistence unit 'default'
2025-02-07T10:18:15.158+07:00  WARN 43867 --- [fifpractice] [main] JpaBaseConfiguration$JpaWebConfiguration : spring.jpa.open-in-view is enabled by default. Therefore, database queries may be performed during view rendering. Explicitly configure spring.jpa.open-in-view to disable this warning
2025-02-07T10:18:15.384+07:00  INFO 43867 --- [fifpractice] [main] o.s.b.w.embedded.tomcat.TomcatWebServer  : Tomcat started on port 8080 (http) with context path '/'
2025-02-07T10:18:15.391+07:00  INFO 43867 --- [fifpractice] [main] c.f.fifpractice.FifpracticeApplication   : Started FifpracticeApplication in 2.839 seconds (process running for 3.076)
2025-02-07T10:21:25.241+07:00  INFO 43867 --- [fifpractice] [http-nio-8080-exec-2] o.a.c.c.C.[Tomcat].[localhost].[/]       : Initializing Spring DispatcherServlet 'dispatcherServlet'
2025-02-07T10:21:25.242+07:00  INFO 43867 --- [fifpractice] [http-nio-8080-exec-2] o.s.web.servlet.DispatcherServlet        : Initializing Servlet 'dispatcherServlet'
2025-02-07T10:21:25.244+07:00  INFO 43867 --- [fifpractice] [http-nio-8080-exec-2] o.s.web.servlet.DispatcherServlet        : Completed initialization in 2 ms
2025-02-07T10:21:39.025+07:00  INFO 43867 --- [fifpractice] [http-nio-8080-exec-4] c.f.f.controller.UserController          : Fetching all users
2025-02-07T10:21:39.026+07:00  INFO 43867 --- [fifpractice] [http-nio-8080-exec-4] c.f.fifpractice.service.UserService      : Fetching all users
2025-02-07T10:22:43.052+07:00  INFO 43867 --- [fifpractice] [http-nio-8080-exec-7] c.f.f.controller.EquipmentController     : Uploading new equipment for user ID: 123456
2025-02-07T10:22:43.053+07:00  INFO 43867 --- [fifpractice] [http-nio-8080-exec-7] c.f.fifpractice.service.UserService      : Fetching user with ID: 123456
2025-02-07T10:22:43.117+07:00  INFO 43867 --- [fifpractice] [http-nio-8080-exec-7] c.f.f.service.EquipmentService           : Successfully saved equipment with ID: 5
2025-02-07T10:23:07.881+07:00  INFO 43867 --- [fifpractice] [http-nio-8080-exec-8] c.f.f.controller.UserController          : Fetching user with ID: 123456
2025-02-07T10:23:07.882+07:00  INFO 43867 --- [fifpractice] [http-nio-8080-exec-8] c.f.fifpractice.service.UserService      : Fetching user with ID: 123456
2025-02-07T10:23:11.299+07:00  INFO 43867 --- [fifpractice] [http-nio-8080-exec-9] o.apache.coyote.http11.Http11Processor   : Error parsing HTTP request header
 Note: further occurrences of HTTP request parsing errors will be logged at DEBUG level.

java.lang.IllegalArgumentException: Request header is too large
	at org.apache.coyote.http11.Http11InputBuffer.fill(Http11InputBuffer.java:777) ~[tomcat-embed-core-10.1.34.jar:10.1.34]
	at org.apache.coyote.http11.Http11InputBuffer.parseRequestLine(Http11InputBuffer.java:441) ~[tomcat-embed-core-10.1.34.jar:10.1.34]
	at org.apache.coyote.http11.Http11Processor.service(Http11Processor.java:270) ~[tomcat-embed-core-10.1.34.jar:10.1.34]
	at org.apache.coyote.AbstractProcessorLight.process(AbstractProcessorLight.java:63) ~[tomcat-embed-core-10.1.34.jar:10.1.34]
	at org.apache.coyote.AbstractProtocol$ConnectionHandler.process(AbstractProtocol.java:905) ~[tomcat-embed-core-10.1.34.jar:10.1.34]
	at org.apache.tomcat.util.net.NioEndpoint$SocketProcessor.doRun(NioEndpoint.java:1741) ~[tomcat-embed-core-10.1.34.jar:10.1.34]
	at org.apache.tomcat.util.net.SocketProcessorBase.run(SocketProcessorBase.java:52) ~[tomcat-embed-core-10.1.34.jar:10.1.34]
	at org.apache.tomcat.util.threads.ThreadPoolExecutor.runWorker(ThreadPoolExecutor.java:1190) ~[tomcat-embed-core-10.1.34.jar:10.1.34]
	at org.apache.tomcat.util.threads.ThreadPoolExecutor$Worker.run(ThreadPoolExecutor.java:659) ~[tomcat-embed-core-10.1.34.jar:10.1.34]
	at org.apache.tomcat.util.threads.TaskThread$WrappingRunnable.run(TaskThread.java:63) ~[tomcat-embed-core-10.1.34.jar:10.1.34]
	at java.base/java.lang.Thread.run(Thread.java:1575) ~[na:na]

2025-02-07T10:25:11.759+07:00  INFO 43867 --- [fifpractice] [http-nio-8080-exec-2] c.f.f.controller.EquipmentController     : Downloading file for equipment ID: 5 under user ID: 123456
2025-02-07T10:25:11.760+07:00  INFO 43867 --- [fifpractice] [http-nio-8080-exec-2] c.f.f.service.EquipmentService           : Fetching equipment with ID: 5
2025-02-07T10:29:10.127+07:00  INFO 43867 --- [fifpractice] [http-nio-8080-exec-6] c.f.f.controller.EquipmentController     : Downloading file for equipment ID: 5 under user ID: 123456
2025-02-07T10:29:10.128+07:00  INFO 43867 --- [fifpractice] [http-nio-8080-exec-6] c.f.f.service.EquipmentService           : Fetching equipment with ID: 5
2025-02-07T10:31:47.792+07:00  INFO 43867 --- [fifpractice] [http-nio-8080-exec-10] c.f.f.controller.EquipmentController     : Downloading file for equipment ID: 5 under user ID: 123456
2025-02-07T10:31:47.793+07:00  INFO 43867 --- [fifpractice] [http-nio-8080-exec-10] c.f.f.service.EquipmentService           : Fetching equipment with ID: 5
2025-02-07T10:34:46.054+07:00  INFO 43867 --- [fifpractice] [http-nio-8080-exec-4] c.f.f.controller.UserController          : Fetching user with ID: 123456
2025-02-07T10:34:46.056+07:00  INFO 43867 --- [fifpractice] [http-nio-8080-exec-4] c.f.fifpractice.service.UserService      : Fetching user with ID: 123456
2025-02-07T10:35:28.489+07:00  INFO 43867 --- [fifpractice] [http-nio-8080-exec-7] c.f.f.controller.EquipmentController     : Downloading file for equipment ID: 5 under user ID: 123456
2025-02-07T10:35:28.491+07:00  INFO 43867 --- [fifpractice] [http-nio-8080-exec-7] c.f.f.service.EquipmentService           : Fetching equipment with ID: 5
2025-02-07T10:35:41.359+07:00  INFO 43867 --- [fifpractice] [http-nio-8080-exec-8] c.f.f.controller.UserController          : Fetching user with ID: 123456
2025-02-07T10:35:41.360+07:00  INFO 43867 --- [fifpractice] [http-nio-8080-exec-8] c.f.fifpractice.service.UserService      : Fetching user with ID: 123456
2025-02-07T11:00:46.452+07:00  INFO 43867 --- [fifpractice] [SpringApplicationShutdownHook] o.s.b.w.e.tomcat.GracefulShutdown        : Commencing graceful shutdown. Waiting for active requests to complete
2025-02-07T11:00:46.465+07:00  INFO 43867 --- [fifpractice] [tomcat-shutdown] o.s.b.w.e.tomcat.GracefulShutdown        : Graceful shutdown complete
2025-02-07T11:00:46.471+07:00  INFO 43867 --- [fifpractice] [SpringApplicationShutdownHook] j.LocalContainerEntityManagerFactoryBean : Closing JPA EntityManagerFactory for persistence unit 'default'
2025-02-07T11:00:46.478+07:00  INFO 43867 --- [fifpractice] [SpringApplicationShutdownHook] com.zaxxer.hikari.HikariDataSource       : HikariPool-1 - Shutdown initiated...
2025-02-07T11:00:46.481+07:00  INFO 43867 --- [fifpractice] [SpringApplicationShutdownHook] com.zaxxer.hikari.HikariDataSource       : HikariPool-1 - Shutdown completed.
2025-02-07T11:00:53.894+07:00  INFO 65592 --- [fifpractice] [main] c.f.fifpractice.FifpracticeApplication   : Starting FifpracticeApplication using Java 23.0.2 with PID 65592 (/Users/christopheralexander/Downloads/fifpractice/target/classes started by christopheralexander in /Users/christopheralexander/Downloads/fifpractice)
2025-02-07T11:00:53.895+07:00 DEBUG 65592 --- [fifpractice] [main] c.f.fifpractice.FifpracticeApplication   : Running with Spring Boot v3.4.2, Spring v6.2.2
2025-02-07T11:00:53.895+07:00  INFO 65592 --- [fifpractice] [main] c.f.fifpractice.FifpracticeApplication   : No active profile set, falling back to 1 default profile: "default"
2025-02-07T11:00:54.300+07:00  INFO 65592 --- [fifpractice] [main] .s.d.r.c.RepositoryConfigurationDelegate : Bootstrapping Spring Data JPA repositories in DEFAULT mode.
2025-02-07T11:00:54.335+07:00  INFO 65592 --- [fifpractice] [main] .s.d.r.c.RepositoryConfigurationDelegate : Finished Spring Data repository scanning in 29 ms. Found 2 JPA repository interfaces.
2025-02-07T11:00:54.667+07:00  INFO 65592 --- [fifpractice] [main] o.s.b.w.embedded.tomcat.TomcatWebServer  : Tomcat initialized with port 8080 (http)
2025-02-07T11:00:54.692+07:00  INFO 65592 --- [fifpractice] [main] o.apache.catalina.core.StandardService   : Starting service [Tomcat]
2025-02-07T11:00:54.692+07:00  INFO 65592 --- [fifpractice] [main] o.apache.catalina.core.StandardEngine    : Starting Servlet engine: [Apache Tomcat/10.1.34]
2025-02-07T11:00:54.732+07:00  INFO 65592 --- [fifpractice] [main] o.a.c.c.C.[Tomcat].[localhost].[/]       : Initializing Spring embedded WebApplicationContext
2025-02-07T11:00:54.732+07:00  INFO 65592 --- [fifpractice] [main] w.s.c.ServletWebServerApplicationContext : Root WebApplicationContext: initialization completed in 802 ms
2025-02-07T11:00:54.833+07:00  INFO 65592 --- [fifpractice] [main] o.hibernate.jpa.internal.util.LogHelper  : HHH000204: Processing PersistenceUnitInfo [name: default]
2025-02-07T11:00:54.873+07:00  INFO 65592 --- [fifpractice] [main] org.hibernate.Version                    : HHH000412: Hibernate ORM core version 6.6.5.Final
2025-02-07T11:00:54.895+07:00  INFO 65592 --- [fifpractice] [main] o.h.c.internal.RegionFactoryInitiator    : HHH000026: Second-level cache disabled
2025-02-07T11:00:55.079+07:00  INFO 65592 --- [fifpractice] [main] o.s.o.j.p.SpringPersistenceUnitInfo      : No LoadTimeWeaver setup: ignoring JPA class transformer
2025-02-07T11:00:55.099+07:00  INFO 65592 --- [fifpractice] [main] com.zaxxer.hikari.HikariDataSource       : HikariPool-1 - Starting...
2025-02-07T11:00:55.263+07:00  INFO 65592 --- [fifpractice] [main] com.zaxxer.hikari.pool.HikariPool        : HikariPool-1 - Added connection com.mysql.cj.jdbc.ConnectionImpl@1a17dd6f
2025-02-07T11:00:55.264+07:00  INFO 65592 --- [fifpractice] [main] com.zaxxer.hikari.HikariDataSource       : HikariPool-1 - Start completed.
2025-02-07T11:00:55.310+07:00  WARN 65592 --- [fifpractice] [main] org.hibernate.orm.deprecation            : HHH90000025: MySQL8Dialect does not need to be specified explicitly using 'hibernate.dialect' (remove the property setting and it will be selected by default)
2025-02-07T11:00:55.311+07:00  WARN 65592 --- [fifpractice] [main] org.hibernate.orm.deprecation            : HHH90000026: MySQL8Dialect has been deprecated; use org.hibernate.dialect.MySQLDialect instead
2025-02-07T11:00:55.322+07:00  INFO 65592 --- [fifpractice] [main] org.hibernate.orm.connections.pooling    : HHH10001005: Database info:
	Database JDBC URL [Connecting through datasource 'HikariDataSource (HikariPool-1)']
	Database driver: undefined/unknown
	Database version: 8.0
	Autocommit mode: undefined/unknown
	Isolation level: undefined/unknown
	Minimum pool size: undefined/unknown
	Maximum pool size: undefined/unknown
2025-02-07T11:00:55.900+07:00  INFO 65592 --- [fifpractice] [main] o.h.e.t.j.p.i.JtaPlatformInitiator       : HHH000489: No JTA platform available (set 'hibernate.transaction.jta.platform' to enable JTA platform integration)
2025-02-07T11:00:55.969+07:00  INFO 65592 --- [fifpractice] [main] j.LocalContainerEntityManagerFactoryBean : Initialized JPA EntityManagerFactory for persistence unit 'default'
2025-02-07T11:00:56.227+07:00  WARN 65592 --- [fifpractice] [main] JpaBaseConfiguration$JpaWebConfiguration : spring.jpa.open-in-view is enabled by default. Therefore, database queries may be performed during view rendering. Explicitly configure spring.jpa.open-in-view to disable this warning
2025-02-07T11:00:56.464+07:00  INFO 65592 --- [fifpractice] [main] o.s.b.w.embedded.tomcat.TomcatWebServer  : Tomcat started on port 8080 (http) with context path '/'
2025-02-07T11:00:56.470+07:00  INFO 65592 --- [fifpractice] [main] c.f.fifpractice.FifpracticeApplication   : Started FifpracticeApplication in 2.871 seconds (process running for 3.121)
2025-02-07T11:01:02.093+07:00  INFO 65592 --- [fifpractice] [http-nio-8080-exec-2] o.a.c.c.C.[Tomcat].[localhost].[/]       : Initializing Spring DispatcherServlet 'dispatcherServlet'
2025-02-07T11:01:02.094+07:00  INFO 65592 --- [fifpractice] [http-nio-8080-exec-2] o.s.web.servlet.DispatcherServlet        : Initializing Servlet 'dispatcherServlet'
2025-02-07T11:01:02.095+07:00  INFO 65592 --- [fifpractice] [http-nio-8080-exec-2] o.s.web.servlet.DispatcherServlet        : Completed initialization in 1 ms
2025-02-07T11:01:02.135+07:00  INFO 65592 --- [fifpractice] [http-nio-8080-exec-2] c.f.f.controller.EquipmentController     : Fetching all equipment for user ID: 123456
2025-02-07T11:01:02.135+07:00  INFO 65592 --- [fifpractice] [http-nio-8080-exec-2] c.f.f.service.EquipmentService           : Fetching all equipment for user ID: 123456
2025-02-07T11:01:18.240+07:00  INFO 65592 --- [fifpractice] [http-nio-8080-exec-5] c.f.f.controller.EquipmentController     : Fetching all equipment for user ID: 123456
2025-02-07T11:01:18.240+07:00  INFO 65592 --- [fifpractice] [http-nio-8080-exec-5] c.f.f.service.EquipmentService           : Fetching all equipment for user ID: 123456
2025-02-07T11:03:17.104+07:00  INFO 65592 --- [fifpractice] [SpringApplicationShutdownHook] o.s.b.w.e.tomcat.GracefulShutdown        : Commencing graceful shutdown. Waiting for active requests to complete
2025-02-07T11:03:17.114+07:00  INFO 65592 --- [fifpractice] [tomcat-shutdown] o.s.b.w.e.tomcat.GracefulShutdown        : Graceful shutdown complete
2025-02-07T11:03:17.119+07:00  INFO 65592 --- [fifpractice] [SpringApplicationShutdownHook] j.LocalContainerEntityManagerFactoryBean : Closing JPA EntityManagerFactory for persistence unit 'default'
2025-02-07T11:03:17.124+07:00  INFO 65592 --- [fifpractice] [SpringApplicationShutdownHook] com.zaxxer.hikari.HikariDataSource       : HikariPool-1 - Shutdown initiated...
2025-02-07T11:03:17.136+07:00  INFO 65592 --- [fifpractice] [SpringApplicationShutdownHook] com.zaxxer.hikari.HikariDataSource       : HikariPool-1 - Shutdown completed.
2025-02-07T11:03:22.760+07:00  INFO 66861 --- [fifpractice] [main] c.f.fifpractice.FifpracticeApplication   : Starting FifpracticeApplication using Java 23.0.2 with PID 66861 (/Users/christopheralexander/Downloads/fifpractice/target/classes started by christopheralexander in /Users/christopheralexander/Downloads/fifpractice)
2025-02-07T11:03:22.762+07:00 DEBUG 66861 --- [fifpractice] [main] c.f.fifpractice.FifpracticeApplication   : Running with Spring Boot v3.4.2, Spring v6.2.2
2025-02-07T11:03:22.762+07:00  INFO 66861 --- [fifpractice] [main] c.f.fifpractice.FifpracticeApplication   : No active profile set, falling back to 1 default profile: "default"
2025-02-07T11:03:23.131+07:00  INFO 66861 --- [fifpractice] [main] .s.d.r.c.RepositoryConfigurationDelegate : Bootstrapping Spring Data JPA repositories in DEFAULT mode.
2025-02-07T11:03:23.167+07:00  INFO 66861 --- [fifpractice] [main] .s.d.r.c.RepositoryConfigurationDelegate : Finished Spring Data repository scanning in 29 ms. Found 2 JPA repository interfaces.
2025-02-07T11:03:23.486+07:00  INFO 66861 --- [fifpractice] [main] o.s.b.w.embedded.tomcat.TomcatWebServer  : Tomcat initialized with port 8080 (http)
2025-02-07T11:03:23.496+07:00  INFO 66861 --- [fifpractice] [main] o.apache.catalina.core.StandardService   : Starting service [Tomcat]
2025-02-07T11:03:23.497+07:00  INFO 66861 --- [fifpractice] [main] o.apache.catalina.core.StandardEngine    : Starting Servlet engine: [Apache Tomcat/10.1.34]
2025-02-07T11:03:23.535+07:00  INFO 66861 --- [fifpractice] [main] o.a.c.c.C.[Tomcat].[localhost].[/]       : Initializing Spring embedded WebApplicationContext
2025-02-07T11:03:23.536+07:00  INFO 66861 --- [fifpractice] [main] w.s.c.ServletWebServerApplicationContext : Root WebApplicationContext: initialization completed in 739 ms
2025-02-07T11:03:23.630+07:00  INFO 66861 --- [fifpractice] [main] o.hibernate.jpa.internal.util.LogHelper  : HHH000204: Processing PersistenceUnitInfo [name: default]
2025-02-07T11:03:23.664+07:00  INFO 66861 --- [fifpractice] [main] org.hibernate.Version                    : HHH000412: Hibernate ORM core version 6.6.5.Final
2025-02-07T11:03:23.684+07:00  INFO 66861 --- [fifpractice] [main] o.h.c.internal.RegionFactoryInitiator    : HHH000026: Second-level cache disabled
2025-02-07T11:03:23.883+07:00  INFO 66861 --- [fifpractice] [main] o.s.o.j.p.SpringPersistenceUnitInfo      : No LoadTimeWeaver setup: ignoring JPA class transformer
2025-02-07T11:03:23.903+07:00  INFO 66861 --- [fifpractice] [main] com.zaxxer.hikari.HikariDataSource       : HikariPool-1 - Starting...
2025-02-07T11:03:24.037+07:00  INFO 66861 --- [fifpractice] [main] com.zaxxer.hikari.pool.HikariPool        : HikariPool-1 - Added connection com.mysql.cj.jdbc.ConnectionImpl@1a17dd6f
2025-02-07T11:03:24.038+07:00  INFO 66861 --- [fifpractice] [main] com.zaxxer.hikari.HikariDataSource       : HikariPool-1 - Start completed.
2025-02-07T11:03:24.073+07:00  WARN 66861 --- [fifpractice] [main] org.hibernate.orm.deprecation            : HHH90000025: MySQL8Dialect does not need to be specified explicitly using 'hibernate.dialect' (remove the property setting and it will be selected by default)
2025-02-07T11:03:24.074+07:00  WARN 66861 --- [fifpractice] [main] org.hibernate.orm.deprecation            : HHH90000026: MySQL8Dialect has been deprecated; use org.hibernate.dialect.MySQLDialect instead
2025-02-07T11:03:24.085+07:00  INFO 66861 --- [fifpractice] [main] org.hibernate.orm.connections.pooling    : HHH10001005: Database info:
	Database JDBC URL [Connecting through datasource 'HikariDataSource (HikariPool-1)']
	Database driver: undefined/unknown
	Database version: 8.0
	Autocommit mode: undefined/unknown
	Isolation level: undefined/unknown
	Minimum pool size: undefined/unknown
	Maximum pool size: undefined/unknown
2025-02-07T11:03:24.661+07:00  INFO 66861 --- [fifpractice] [main] o.h.e.t.j.p.i.JtaPlatformInitiator       : HHH000489: No JTA platform available (set 'hibernate.transaction.jta.platform' to enable JTA platform integration)
2025-02-07T11:03:24.716+07:00  INFO 66861 --- [fifpractice] [main] j.LocalContainerEntityManagerFactoryBean : Initialized JPA EntityManagerFactory for persistence unit 'default'
2025-02-07T11:03:24.966+07:00  WARN 66861 --- [fifpractice] [main] JpaBaseConfiguration$JpaWebConfiguration : spring.jpa.open-in-view is enabled by default. Therefore, database queries may be performed during view rendering. Explicitly configure spring.jpa.open-in-view to disable this warning
2025-02-07T11:03:25.195+07:00  INFO 66861 --- [fifpractice] [main] o.s.b.w.embedded.tomcat.TomcatWebServer  : Tomcat started on port 8080 (http) with context path '/'
2025-02-07T11:03:25.202+07:00  INFO 66861 --- [fifpractice] [main] c.f.fifpractice.FifpracticeApplication   : Started FifpracticeApplication in 2.717 seconds (process running for 2.946)
2025-02-07T11:03:36.953+07:00  INFO 66861 --- [fifpractice] [http-nio-8080-exec-2] o.a.c.c.C.[Tomcat].[localhost].[/]       : Initializing Spring DispatcherServlet 'dispatcherServlet'
2025-02-07T11:03:36.956+07:00  INFO 66861 --- [fifpractice] [http-nio-8080-exec-2] o.s.web.servlet.DispatcherServlet        : Initializing Servlet 'dispatcherServlet'
2025-02-07T11:03:36.968+07:00  INFO 66861 --- [fifpractice] [http-nio-8080-exec-2] o.s.web.servlet.DispatcherServlet        : Completed initialization in 12 ms
2025-02-07T11:03:37.010+07:00  INFO 66861 --- [fifpractice] [http-nio-8080-exec-2] c.f.f.controller.EquipmentController     : Fetching equipment ID: 5 for user ID: 123456
2025-02-07T11:03:37.011+07:00  INFO 66861 --- [fifpractice] [http-nio-8080-exec-2] c.f.fifpractice.service.UserService      : Fetching user with ID: 123456
2025-02-07T11:03:37.066+07:00  INFO 66861 --- [fifpractice] [http-nio-8080-exec-2] c.f.f.service.EquipmentService           : Fetching equipment with ID: 5
2025-02-07T13:07:30.587+07:00  INFO 66861 --- [fifpractice] [http-nio-8080-exec-4] c.f.f.controller.EquipmentController     : Uploading new equipment for user ID: 123456
2025-02-07T13:07:30.589+07:00  INFO 66861 --- [fifpractice] [http-nio-8080-exec-4] c.f.fifpractice.service.UserService      : Fetching user with ID: 123456
2025-02-07T13:07:30.740+07:00  INFO 66861 --- [fifpractice] [http-nio-8080-exec-4] c.f.f.service.EquipmentService           : Successfully saved equipment with ID: 6
2025-02-07T13:07:37.856+07:00  INFO 66861 --- [fifpractice] [http-nio-8080-exec-6] c.f.f.controller.EquipmentController     : Fetching all equipment for user ID: 123456
2025-02-07T13:07:37.857+07:00  INFO 66861 --- [fifpractice] [http-nio-8080-exec-6] c.f.f.service.EquipmentService           : Fetching all equipment for user ID: 123456
2025-02-07T13:08:54.610+07:00  WARN 66861 --- [fifpractice] [http-nio-8080-exec-9] c.f.f.controller.EquipmentController     : Attempting to delete equipment ID: 6 for user ID: 654321
2025-02-07T13:08:54.611+07:00  INFO 66861 --- [fifpractice] [http-nio-8080-exec-9] c.f.fifpractice.service.UserService      : Fetching user with ID: 654321
2025-02-07T13:08:54.621+07:00  INFO 66861 --- [fifpractice] [http-nio-8080-exec-9] c.f.f.service.EquipmentService           : Fetching equipment with ID: 6
2025-02-07T13:08:54.624+07:00 ERROR 66861 --- [fifpractice] [http-nio-8080-exec-9] c.f.f.controller.EquipmentController     : Failed to delete equipment ID: 6 for user ID: 654321
2025-02-07T13:12:59.045+07:00  WARN 66861 --- [fifpractice] [http-nio-8080-exec-1] c.f.f.controller.EquipmentController     : Attempting to delete equipment ID: 5 for user ID: 654321
2025-02-07T13:12:59.047+07:00  INFO 66861 --- [fifpractice] [http-nio-8080-exec-1] c.f.fifpractice.service.UserService      : Fetching user with ID: 654321
2025-02-07T13:12:59.073+07:00  INFO 66861 --- [fifpractice] [http-nio-8080-exec-1] c.f.f.service.EquipmentService           : Fetching equipment with ID: 5
2025-02-07T13:12:59.078+07:00 ERROR 66861 --- [fifpractice] [http-nio-8080-exec-1] c.f.f.controller.EquipmentController     : Failed to delete equipment ID: 5 for user ID: 654321
2025-02-07T13:25:17.254+07:00  INFO 66861 --- [fifpractice] [http-nio-8080-exec-4] c.f.f.controller.EquipmentController     : Uploading new equipment for user ID: 123456
2025-02-07T13:25:17.255+07:00  INFO 66861 --- [fifpractice] [http-nio-8080-exec-4] c.f.fifpractice.service.UserService      : Fetching user with ID: 123456
2025-02-07T13:25:17.316+07:00  INFO 66861 --- [fifpractice] [http-nio-8080-exec-4] c.f.f.service.EquipmentService           : Successfully saved equipment with ID: 7
2025-02-07T13:25:36.948+07:00  INFO 66861 --- [fifpractice] [http-nio-8080-exec-6] c.f.f.controller.EquipmentController     : Fetching all equipment for user ID: 123456
2025-02-07T13:25:36.949+07:00  INFO 66861 --- [fifpractice] [http-nio-8080-exec-6] c.f.f.service.EquipmentService           : Fetching all equipment for user ID: 123456
2025-02-07T13:25:51.487+07:00  WARN 66861 --- [fifpractice] [http-nio-8080-exec-7] c.f.f.controller.EquipmentController     : Attempting to delete equipment ID: 6 for user ID: 654321
2025-02-07T13:25:51.488+07:00  INFO 66861 --- [fifpractice] [http-nio-8080-exec-7] c.f.fifpractice.service.UserService      : Fetching user with ID: 654321
2025-02-07T13:25:51.492+07:00  INFO 66861 --- [fifpractice] [http-nio-8080-exec-7] c.f.f.service.EquipmentService           : Fetching equipment with ID: 6
2025-02-07T13:25:51.497+07:00 ERROR 66861 --- [fifpractice] [http-nio-8080-exec-7] c.f.f.controller.EquipmentController     : Failed to delete equipment ID: 6 for user ID: 654321
2025-02-07T13:52:56.894+07:00  INFO 66861 --- [fifpractice] [SpringApplicationShutdownHook] o.s.b.w.e.tomcat.GracefulShutdown        : Commencing graceful shutdown. Waiting for active requests to complete
2025-02-07T13:52:56.911+07:00  INFO 66861 --- [fifpractice] [tomcat-shutdown] o.s.b.w.e.tomcat.GracefulShutdown        : Graceful shutdown complete
2025-02-07T13:52:56.919+07:00  INFO 66861 --- [fifpractice] [SpringApplicationShutdownHook] j.LocalContainerEntityManagerFactoryBean : Closing JPA EntityManagerFactory for persistence unit 'default'
2025-02-07T13:52:56.930+07:00  INFO 66861 --- [fifpractice] [SpringApplicationShutdownHook] com.zaxxer.hikari.HikariDataSource       : HikariPool-1 - Shutdown initiated...
2025-02-07T13:52:56.934+07:00  INFO 66861 --- [fifpractice] [SpringApplicationShutdownHook] com.zaxxer.hikari.HikariDataSource       : HikariPool-1 - Shutdown completed.
2025-02-07T13:53:07.315+07:00  INFO 55889 --- [fifpractice] [main] c.f.fifpractice.FifpracticeApplication   : Starting FifpracticeApplication using Java 23.0.2 with PID 55889 (/Users/christopheralexander/Downloads/fifpractice/target/classes started by christopheralexander in /Users/christopheralexander/Downloads/fifpractice)
2025-02-07T13:53:07.316+07:00 DEBUG 55889 --- [fifpractice] [main] c.f.fifpractice.FifpracticeApplication   : Running with Spring Boot v3.4.2, Spring v6.2.2
2025-02-07T13:53:07.317+07:00  INFO 55889 --- [fifpractice] [main] c.f.fifpractice.FifpracticeApplication   : No active profile set, falling back to 1 default profile: "default"
2025-02-07T13:53:07.700+07:00  INFO 55889 --- [fifpractice] [main] .s.d.r.c.RepositoryConfigurationDelegate : Bootstrapping Spring Data JPA repositories in DEFAULT mode.
2025-02-07T13:53:07.736+07:00  INFO 55889 --- [fifpractice] [main] .s.d.r.c.RepositoryConfigurationDelegate : Finished Spring Data repository scanning in 30 ms. Found 2 JPA repository interfaces.
2025-02-07T13:53:08.063+07:00  INFO 55889 --- [fifpractice] [main] o.s.b.w.embedded.tomcat.TomcatWebServer  : Tomcat initialized with port 8080 (http)
2025-02-07T13:53:08.085+07:00  INFO 55889 --- [fifpractice] [main] o.apache.catalina.core.StandardService   : Starting service [Tomcat]
2025-02-07T13:53:08.085+07:00  INFO 55889 --- [fifpractice] [main] o.apache.catalina.core.StandardEngine    : Starting Servlet engine: [Apache Tomcat/10.1.34]
2025-02-07T13:53:08.124+07:00  INFO 55889 --- [fifpractice] [main] o.a.c.c.C.[Tomcat].[localhost].[/]       : Initializing Spring embedded WebApplicationContext
2025-02-07T13:53:08.125+07:00  INFO 55889 --- [fifpractice] [main] w.s.c.ServletWebServerApplicationContext : Root WebApplicationContext: initialization completed in 772 ms
2025-02-07T13:53:08.226+07:00  INFO 55889 --- [fifpractice] [main] o.hibernate.jpa.internal.util.LogHelper  : HHH000204: Processing PersistenceUnitInfo [name: default]
2025-02-07T13:53:08.265+07:00  INFO 55889 --- [fifpractice] [main] org.hibernate.Version                    : HHH000412: Hibernate ORM core version 6.6.5.Final
2025-02-07T13:53:08.287+07:00  INFO 55889 --- [fifpractice] [main] o.h.c.internal.RegionFactoryInitiator    : HHH000026: Second-level cache disabled
2025-02-07T13:53:08.473+07:00  INFO 55889 --- [fifpractice] [main] o.s.o.j.p.SpringPersistenceUnitInfo      : No LoadTimeWeaver setup: ignoring JPA class transformer
2025-02-07T13:53:08.492+07:00  INFO 55889 --- [fifpractice] [main] com.zaxxer.hikari.HikariDataSource       : HikariPool-1 - Starting...
2025-02-07T13:53:08.660+07:00  INFO 55889 --- [fifpractice] [main] com.zaxxer.hikari.pool.HikariPool        : HikariPool-1 - Added connection com.mysql.cj.jdbc.ConnectionImpl@4c6bba7d
2025-02-07T13:53:08.662+07:00  INFO 55889 --- [fifpractice] [main] com.zaxxer.hikari.HikariDataSource       : HikariPool-1 - Start completed.
2025-02-07T13:53:08.711+07:00  WARN 55889 --- [fifpractice] [main] org.hibernate.orm.deprecation            : HHH90000025: MySQL8Dialect does not need to be specified explicitly using 'hibernate.dialect' (remove the property setting and it will be selected by default)
2025-02-07T13:53:08.712+07:00  WARN 55889 --- [fifpractice] [main] org.hibernate.orm.deprecation            : HHH90000026: MySQL8Dialect has been deprecated; use org.hibernate.dialect.MySQLDialect instead
2025-02-07T13:53:08.723+07:00  INFO 55889 --- [fifpractice] [main] org.hibernate.orm.connections.pooling    : HHH10001005: Database info:
	Database JDBC URL [Connecting through datasource 'HikariDataSource (HikariPool-1)']
	Database driver: undefined/unknown
	Database version: 8.0
	Autocommit mode: undefined/unknown
	Isolation level: undefined/unknown
	Minimum pool size: undefined/unknown
	Maximum pool size: undefined/unknown
2025-02-07T13:53:09.326+07:00  INFO 55889 --- [fifpractice] [main] o.h.e.t.j.p.i.JtaPlatformInitiator       : HHH000489: No JTA platform available (set 'hibernate.transaction.jta.platform' to enable JTA platform integration)
2025-02-07T13:53:09.404+07:00  INFO 55889 --- [fifpractice] [main] j.LocalContainerEntityManagerFactoryBean : Initialized JPA EntityManagerFactory for persistence unit 'default'
2025-02-07T13:53:09.665+07:00  WARN 55889 --- [fifpractice] [main] JpaBaseConfiguration$JpaWebConfiguration : spring.jpa.open-in-view is enabled by default. Therefore, database queries may be performed during view rendering. Explicitly configure spring.jpa.open-in-view to disable this warning
2025-02-07T13:53:09.898+07:00  INFO 55889 --- [fifpractice] [main] o.s.b.w.embedded.tomcat.TomcatWebServer  : Tomcat started on port 8080 (http) with context path '/'
2025-02-07T13:53:09.905+07:00  INFO 55889 --- [fifpractice] [main] c.f.fifpractice.FifpracticeApplication   : Started FifpracticeApplication in 2.881 seconds (process running for 3.116)
2025-02-07T13:53:28.540+07:00  INFO 55889 --- [fifpractice] [http-nio-8080-exec-1] o.a.c.c.C.[Tomcat].[localhost].[/]       : Initializing Spring DispatcherServlet 'dispatcherServlet'
2025-02-07T13:53:28.541+07:00  INFO 55889 --- [fifpractice] [http-nio-8080-exec-1] o.s.web.servlet.DispatcherServlet        : Initializing Servlet 'dispatcherServlet'
2025-02-07T13:53:28.546+07:00  INFO 55889 --- [fifpractice] [http-nio-8080-exec-1] o.s.web.servlet.DispatcherServlet        : Completed initialization in 5 ms
2025-02-07T13:53:28.597+07:00  INFO 55889 --- [fifpractice] [http-nio-8080-exec-1] c.f.f.controller.EquipmentController     : Fetching all equipment for user ID: 123456
2025-02-07T13:53:28.597+07:00  INFO 55889 --- [fifpractice] [http-nio-8080-exec-1] c.f.f.service.EquipmentService           : Fetching all equipment for user ID: 123456
2025-02-07T13:53:59.038+07:00  WARN 55889 --- [fifpractice] [http-nio-8080-exec-3] c.f.f.controller.EquipmentController     : Attempting to delete equipment ID: 6 for user ID: 123456
2025-02-07T13:53:59.039+07:00  INFO 55889 --- [fifpractice] [http-nio-8080-exec-3] c.f.fifpractice.service.UserService      : Fetching user with ID: 123456
2025-02-07T13:53:59.063+07:00  INFO 55889 --- [fifpractice] [http-nio-8080-exec-3] c.f.f.service.EquipmentService           : Fetching equipment with ID: 6
2025-02-07T13:53:59.348+07:00  INFO 55889 --- [fifpractice] [http-nio-8080-exec-3] c.f.f.service.EquipmentService           : Deleted equipment with ID: 6
2025-02-07T13:53:59.349+07:00  INFO 55889 --- [fifpractice] [http-nio-8080-exec-3] c.f.f.controller.EquipmentController     : Successfully deleted equipment ID: 6 for user ID: 123456
2025-02-07T13:54:03.713+07:00  INFO 55889 --- [fifpractice] [http-nio-8080-exec-4] c.f.f.controller.EquipmentController     : Fetching all equipment for user ID: 123456
2025-02-07T13:54:03.714+07:00  INFO 55889 --- [fifpractice] [http-nio-8080-exec-4] c.f.f.service.EquipmentService           : Fetching all equipment for user ID: 123456
2025-02-07T14:10:25.667+07:00  INFO 55889 --- [fifpractice] [SpringApplicationShutdownHook] o.s.b.w.e.tomcat.GracefulShutdown        : Commencing graceful shutdown. Waiting for active requests to complete
2025-02-07T14:10:25.682+07:00  INFO 55889 --- [fifpractice] [tomcat-shutdown] o.s.b.w.e.tomcat.GracefulShutdown        : Graceful shutdown complete
2025-02-07T14:10:25.688+07:00  INFO 55889 --- [fifpractice] [SpringApplicationShutdownHook] j.LocalContainerEntityManagerFactoryBean : Closing JPA EntityManagerFactory for persistence unit 'default'
2025-02-07T14:10:25.696+07:00  INFO 55889 --- [fifpractice] [SpringApplicationShutdownHook] com.zaxxer.hikari.HikariDataSource       : HikariPool-1 - Shutdown initiated...
2025-02-07T14:10:25.708+07:00  INFO 55889 --- [fifpractice] [SpringApplicationShutdownHook] com.zaxxer.hikari.HikariDataSource       : HikariPool-1 - Shutdown completed.
2025-02-07T14:10:33.981+07:00  INFO 64812 --- [fifpractice] [main] c.f.fifpractice.FifpracticeApplication   : Starting FifpracticeApplication using Java 23.0.2 with PID 64812 (/Users/christopheralexander/Downloads/fifpractice/target/classes started by christopheralexander in /Users/christopheralexander/Downloads/fifpractice)
2025-02-07T14:10:33.982+07:00 DEBUG 64812 --- [fifpractice] [main] c.f.fifpractice.FifpracticeApplication   : Running with Spring Boot v3.4.2, Spring v6.2.2
2025-02-07T14:10:33.982+07:00  INFO 64812 --- [fifpractice] [main] c.f.fifpractice.FifpracticeApplication   : No active profile set, falling back to 1 default profile: "default"
2025-02-07T14:10:34.369+07:00  INFO 64812 --- [fifpractice] [main] .s.d.r.c.RepositoryConfigurationDelegate : Bootstrapping Spring Data JPA repositories in DEFAULT mode.
2025-02-07T14:10:34.406+07:00  INFO 64812 --- [fifpractice] [main] .s.d.r.c.RepositoryConfigurationDelegate : Finished Spring Data repository scanning in 31 ms. Found 2 JPA repository interfaces.
2025-02-07T14:10:34.758+07:00  INFO 64812 --- [fifpractice] [main] o.s.b.w.embedded.tomcat.TomcatWebServer  : Tomcat initialized with port 8080 (http)
2025-02-07T14:10:34.771+07:00  INFO 64812 --- [fifpractice] [main] o.apache.catalina.core.StandardService   : Starting service [Tomcat]
2025-02-07T14:10:34.771+07:00  INFO 64812 --- [fifpractice] [main] o.apache.catalina.core.StandardEngine    : Starting Servlet engine: [Apache Tomcat/10.1.34]
2025-02-07T14:10:34.810+07:00  INFO 64812 --- [fifpractice] [main] o.a.c.c.C.[Tomcat].[localhost].[/]       : Initializing Spring embedded WebApplicationContext
2025-02-07T14:10:34.811+07:00  INFO 64812 --- [fifpractice] [main] w.s.c.ServletWebServerApplicationContext : Root WebApplicationContext: initialization completed in 795 ms
2025-02-07T14:10:34.912+07:00  INFO 64812 --- [fifpractice] [main] o.hibernate.jpa.internal.util.LogHelper  : HHH000204: Processing PersistenceUnitInfo [name: default]
2025-02-07T14:10:34.952+07:00  INFO 64812 --- [fifpractice] [main] org.hibernate.Version                    : HHH000412: Hibernate ORM core version 6.6.5.Final
2025-02-07T14:10:34.975+07:00  INFO 64812 --- [fifpractice] [main] o.h.c.internal.RegionFactoryInitiator    : HHH000026: Second-level cache disabled
2025-02-07T14:10:35.172+07:00  INFO 64812 --- [fifpractice] [main] o.s.o.j.p.SpringPersistenceUnitInfo      : No LoadTimeWeaver setup: ignoring JPA class transformer
2025-02-07T14:10:35.191+07:00  INFO 64812 --- [fifpractice] [main] com.zaxxer.hikari.HikariDataSource       : HikariPool-1 - Starting...
2025-02-07T14:10:35.361+07:00  INFO 64812 --- [fifpractice] [main] com.zaxxer.hikari.pool.HikariPool        : HikariPool-1 - Added connection com.mysql.cj.jdbc.ConnectionImpl@d504137
2025-02-07T14:10:35.362+07:00  INFO 64812 --- [fifpractice] [main] com.zaxxer.hikari.HikariDataSource       : HikariPool-1 - Start completed.
2025-02-07T14:10:35.409+07:00  WARN 64812 --- [fifpractice] [main] org.hibernate.orm.deprecation            : HHH90000025: MySQL8Dialect does not need to be specified explicitly using 'hibernate.dialect' (remove the property setting and it will be selected by default)
2025-02-07T14:10:35.409+07:00  WARN 64812 --- [fifpractice] [main] org.hibernate.orm.deprecation            : HHH90000026: MySQL8Dialect has been deprecated; use org.hibernate.dialect.MySQLDialect instead
2025-02-07T14:10:35.421+07:00  INFO 64812 --- [fifpractice] [main] org.hibernate.orm.connections.pooling    : HHH10001005: Database info:
	Database JDBC URL [Connecting through datasource 'HikariDataSource (HikariPool-1)']
	Database driver: undefined/unknown
	Database version: 8.0
	Autocommit mode: undefined/unknown
	Isolation level: undefined/unknown
	Minimum pool size: undefined/unknown
	Maximum pool size: undefined/unknown
2025-02-07T14:10:36.003+07:00  INFO 64812 --- [fifpractice] [main] o.h.e.t.j.p.i.JtaPlatformInitiator       : HHH000489: No JTA platform available (set 'hibernate.transaction.jta.platform' to enable JTA platform integration)
2025-02-07T14:10:36.073+07:00  INFO 64812 --- [fifpractice] [main] j.LocalContainerEntityManagerFactoryBean : Initialized JPA EntityManagerFactory for persistence unit 'default'
2025-02-07T14:10:36.331+07:00  WARN 64812 --- [fifpractice] [main] JpaBaseConfiguration$JpaWebConfiguration : spring.jpa.open-in-view is enabled by default. Therefore, database queries may be performed during view rendering. Explicitly configure spring.jpa.open-in-view to disable this warning
2025-02-07T14:10:36.564+07:00  INFO 64812 --- [fifpractice] [main] o.s.b.w.embedded.tomcat.TomcatWebServer  : Tomcat started on port 8080 (http) with context path '/'
2025-02-07T14:10:36.571+07:00  INFO 64812 --- [fifpractice] [main] c.f.fifpractice.FifpracticeApplication   : Started FifpracticeApplication in 2.882 seconds (process running for 3.129)
2025-02-07T14:10:43.422+07:00  INFO 64812 --- [fifpractice] [http-nio-8080-exec-2] o.a.c.c.C.[Tomcat].[localhost].[/]       : Initializing Spring DispatcherServlet 'dispatcherServlet'
2025-02-07T14:10:43.423+07:00  INFO 64812 --- [fifpractice] [http-nio-8080-exec-2] o.s.web.servlet.DispatcherServlet        : Initializing Servlet 'dispatcherServlet'
2025-02-07T14:10:43.426+07:00  INFO 64812 --- [fifpractice] [http-nio-8080-exec-2] o.s.web.servlet.DispatcherServlet        : Completed initialization in 3 ms
2025-02-07T14:10:43.482+07:00  INFO 64812 --- [fifpractice] [http-nio-8080-exec-2] c.f.f.controller.EquipmentController     : Updating equipment ID: 6 for user ID: 123456
2025-02-07T14:10:43.483+07:00  INFO 64812 --- [fifpractice] [http-nio-8080-exec-2] c.f.fifpractice.service.UserService      : Fetching user with ID: 123456
2025-02-07T14:10:43.541+07:00  INFO 64812 --- [fifpractice] [http-nio-8080-exec-2] c.f.f.service.EquipmentService           : Attempting to update equipment ID: 6 for user ID: 123456
2025-02-07T14:10:43.614+07:00  WARN 64812 --- [fifpractice] [http-nio-8080-exec-2] c.f.f.service.EquipmentService           : Equipment ID 6 not found or does not belong to user ID: 123456
2025-02-07T14:10:43.614+07:00  WARN 64812 --- [fifpractice] [http-nio-8080-exec-2] c.f.f.controller.EquipmentController     : Equipment ID 6 not found or does not belong to user ID: 123456
2025-02-07T14:11:07.325+07:00  INFO 64812 --- [fifpractice] [http-nio-8080-exec-3] c.f.f.controller.EquipmentController     : Fetching all equipment for user ID: 123456
2025-02-07T14:11:07.326+07:00  INFO 64812 --- [fifpractice] [http-nio-8080-exec-3] c.f.f.service.EquipmentService           : Fetching all equipment for user ID: 123456
2025-02-07T14:11:27.941+07:00  INFO 64812 --- [fifpractice] [http-nio-8080-exec-4] c.f.f.controller.EquipmentController     : Updating equipment ID: 7 for user ID: 123456
2025-02-07T14:11:27.942+07:00  INFO 64812 --- [fifpractice] [http-nio-8080-exec-4] c.f.fifpractice.service.UserService      : Fetching user with ID: 123456
2025-02-07T14:11:27.951+07:00  INFO 64812 --- [fifpractice] [http-nio-8080-exec-4] c.f.f.service.EquipmentService           : Attempting to update equipment ID: 7 for user ID: 123456
2025-02-07T14:11:27.958+07:00  INFO 64812 --- [fifpractice] [http-nio-8080-exec-4] c.f.f.service.EquipmentService           : Updated file for equipment ID: 7
2025-02-07T14:11:28.014+07:00  INFO 64812 --- [fifpractice] [http-nio-8080-exec-4] c.f.f.service.EquipmentService           : Successfully updated equipment ID: 7
2025-02-07T14:11:28.014+07:00  INFO 64812 --- [fifpractice] [http-nio-8080-exec-4] c.f.f.controller.EquipmentController     : Successfully updated equipment ID: 7 for user ID: 123456
2025-02-07T15:32:34.173+07:00  INFO 64812 --- [fifpractice] [SpringApplicationShutdownHook] o.s.b.w.e.tomcat.GracefulShutdown        : Commencing graceful shutdown. Waiting for active requests to complete
2025-02-07T15:32:34.198+07:00  INFO 64812 --- [fifpractice] [tomcat-shutdown] o.s.b.w.e.tomcat.GracefulShutdown        : Graceful shutdown complete
2025-02-07T15:32:34.220+07:00  INFO 64812 --- [fifpractice] [SpringApplicationShutdownHook] j.LocalContainerEntityManagerFactoryBean : Closing JPA EntityManagerFactory for persistence unit 'default'
2025-02-07T15:32:34.256+07:00  INFO 64812 --- [fifpractice] [SpringApplicationShutdownHook] com.zaxxer.hikari.HikariDataSource       : HikariPool-1 - Shutdown initiated...
2025-02-07T15:32:34.262+07:00  INFO 64812 --- [fifpractice] [SpringApplicationShutdownHook] com.zaxxer.hikari.HikariDataSource       : HikariPool-1 - Shutdown completed.
2025-02-07T15:32:44.745+07:00  INFO 7315 --- [fifpractice] [main] c.f.f.FifpracticeApplicationTests        : Starting FifpracticeApplicationTests using Java 23.0.2 with PID 7315 (started by christopheralexander in /Users/christopheralexander/Downloads/fifpractice)
2025-02-07T15:32:44.746+07:00 DEBUG 7315 --- [fifpractice] [main] c.f.f.FifpracticeApplicationTests        : Running with Spring Boot v3.4.2, Spring v6.2.2
2025-02-07T15:32:44.746+07:00  INFO 7315 --- [fifpractice] [main] c.f.f.FifpracticeApplicationTests        : No active profile set, falling back to 1 default profile: "default"
2025-02-07T15:32:45.181+07:00  INFO 7315 --- [fifpractice] [main] .s.d.r.c.RepositoryConfigurationDelegate : Bootstrapping Spring Data JPA repositories in DEFAULT mode.
2025-02-07T15:32:45.218+07:00  INFO 7315 --- [fifpractice] [main] .s.d.r.c.RepositoryConfigurationDelegate : Finished Spring Data repository scanning in 30 ms. Found 2 JPA repository interfaces.
2025-02-07T15:32:45.501+07:00  INFO 7315 --- [fifpractice] [main] o.hibernate.jpa.internal.util.LogHelper  : HHH000204: Processing PersistenceUnitInfo [name: default]
2025-02-07T15:32:45.543+07:00  INFO 7315 --- [fifpractice] [main] org.hibernate.Version                    : HHH000412: Hibernate ORM core version 6.6.5.Final
2025-02-07T15:32:45.568+07:00  INFO 7315 --- [fifpractice] [main] o.h.c.internal.RegionFactoryInitiator    : HHH000026: Second-level cache disabled
2025-02-07T15:32:45.776+07:00  INFO 7315 --- [fifpractice] [main] o.s.o.j.p.SpringPersistenceUnitInfo      : No LoadTimeWeaver setup: ignoring JPA class transformer
2025-02-07T15:32:45.796+07:00  INFO 7315 --- [fifpractice] [main] com.zaxxer.hikari.HikariDataSource       : HikariPool-1 - Starting...
2025-02-07T15:32:45.969+07:00  INFO 7315 --- [fifpractice] [main] com.zaxxer.hikari.pool.HikariPool        : HikariPool-1 - Added connection com.mysql.cj.jdbc.ConnectionImpl@5cffec7
2025-02-07T15:32:45.970+07:00  INFO 7315 --- [fifpractice] [main] com.zaxxer.hikari.HikariDataSource       : HikariPool-1 - Start completed.
2025-02-07T15:32:46.019+07:00  WARN 7315 --- [fifpractice] [main] org.hibernate.orm.deprecation            : HHH90000025: MySQL8Dialect does not need to be specified explicitly using 'hibernate.dialect' (remove the property setting and it will be selected by default)
2025-02-07T15:32:46.019+07:00  WARN 7315 --- [fifpractice] [main] org.hibernate.orm.deprecation            : HHH90000026: MySQL8Dialect has been deprecated; use org.hibernate.dialect.MySQLDialect instead
2025-02-07T15:32:46.033+07:00  INFO 7315 --- [fifpractice] [main] org.hibernate.orm.connections.pooling    : HHH10001005: Database info:
	Database JDBC URL [Connecting through datasource 'HikariDataSource (HikariPool-1)']
	Database driver: undefined/unknown
	Database version: 8.0
	Autocommit mode: undefined/unknown
	Isolation level: undefined/unknown
	Minimum pool size: undefined/unknown
	Maximum pool size: undefined/unknown
2025-02-07T15:32:46.650+07:00  INFO 7315 --- [fifpractice] [main] o.h.e.t.j.p.i.JtaPlatformInitiator       : HHH000489: No JTA platform available (set 'hibernate.transaction.jta.platform' to enable JTA platform integration)
2025-02-07T15:32:46.735+07:00  INFO 7315 --- [fifpractice] [main] j.LocalContainerEntityManagerFactoryBean : Initialized JPA EntityManagerFactory for persistence unit 'default'
2025-02-07T15:32:47.086+07:00  WARN 7315 --- [fifpractice] [main] JpaBaseConfiguration$JpaWebConfiguration : spring.jpa.open-in-view is enabled by default. Therefore, database queries may be performed during view rendering. Explicitly configure spring.jpa.open-in-view to disable this warning
2025-02-07T15:32:47.353+07:00  INFO 7315 --- [fifpractice] [main] c.f.f.FifpracticeApplicationTests        : Started FifpracticeApplicationTests in 2.825 seconds (process running for 3.523)
2025-02-07T15:32:47.876+07:00  INFO 7315 --- [fifpractice] [main] c.f.f.controller.UserController          : Fetching user with ID: 123
2025-02-07T15:32:47.879+07:00 ERROR 7315 --- [fifpractice] [main] c.f.f.controller.UserController          : User with ID: 123 not found
2025-02-07T15:32:47.892+07:00  WARN 7315 --- [fifpractice] [main] c.f.f.controller.UserController          : Attempting to delete user with ID: 123
2025-02-07T15:32:47.893+07:00  INFO 7315 --- [fifpractice] [main] c.f.f.controller.UserController          : Successfully deleted user with ID: 123
2025-02-07T15:32:47.898+07:00  INFO 7315 --- [fifpractice] [main] c.f.f.controller.UserController          : Updating user with ID: 123
2025-02-07T15:32:47.898+07:00  INFO 7315 --- [fifpractice] [main] c.f.f.controller.UserController          : User with ID: 123 updated successfully
2025-02-07T15:32:47.905+07:00  WARN 7315 --- [fifpractice] [main] c.f.f.controller.UserController          : Attempting to delete user with ID: 123
2025-02-07T15:32:47.905+07:00 ERROR 7315 --- [fifpractice] [main] c.f.f.controller.UserController          : User with ID: 123 not found. Deletion failed
2025-02-07T15:32:47.908+07:00  INFO 7315 --- [fifpractice] [main] c.f.f.controller.UserController          : Updating user with ID: 123
2025-02-07T15:32:47.908+07:00 ERROR 7315 --- [fifpractice] [main] c.f.f.controller.UserController          : User with ID: 123 not found. Update failed
2025-02-07T15:32:47.911+07:00  INFO 7315 --- [fifpractice] [main] c.f.f.controller.UserController          : Fetching user with ID: 123
2025-02-07T15:32:47.916+07:00  INFO 7315 --- [fifpractice] [main] c.f.f.controller.UserController          : Creating user with ID: 123
2025-02-07T15:32:47.961+07:00  WARN 7315 --- [fifpractice] [main] c.f.f.controller.EquipmentController     : Attempting to delete equipment ID: 1 for user ID: 12345
2025-02-07T15:32:47.961+07:00  INFO 7315 --- [fifpractice] [main] c.f.f.controller.EquipmentController     : Successfully deleted equipment ID: 1 for user ID: 12345
2025-02-07T15:32:47.964+07:00  INFO 7315 --- [fifpractice] [main] c.f.f.controller.EquipmentController     : Uploading new equipment for user ID: 12345
2025-02-07T15:32:47.965+07:00 ERROR 7315 --- [fifpractice] [main] c.f.f.controller.EquipmentController     : There is no User with ID 12345
2025-02-07T15:32:47.967+07:00  INFO 7315 --- [fifpractice] [main] c.f.f.controller.EquipmentController     : Fetching equipment ID: 1 for user ID: 12345
2025-02-07T15:32:47.968+07:00  WARN 7315 --- [fifpractice] [main] c.f.f.controller.EquipmentController     : Equipment ID: 1 not found or does not belong to user ID: 12345
2025-02-07T15:32:47.971+07:00  INFO 7315 --- [fifpractice] [main] c.f.f.controller.EquipmentController     : Fetching all equipment for user ID: 12345
2025-02-07T15:32:47.974+07:00  INFO 7315 --- [fifpractice] [main] c.f.f.controller.EquipmentController     : Fetching equipment ID: 1 for user ID: 12345
2025-02-07T15:32:47.977+07:00  INFO 7315 --- [fifpractice] [main] c.f.f.controller.EquipmentController     : Updating equipment ID: 1 for user ID: 12345
2025-02-07T15:32:47.977+07:00  INFO 7315 --- [fifpractice] [main] c.f.f.controller.EquipmentController     : Successfully updated equipment ID: 1 for user ID: 12345
2025-02-07T15:32:47.979+07:00  INFO 7315 --- [fifpractice] [main] c.f.f.controller.EquipmentController     : Uploading new equipment for user ID: 12345
2025-02-07T15:32:48.072+07:00  INFO 7315 --- [fifpractice] [main] c.f.fifpractice.service.UserService      : Saving user with ID: null
2025-02-07T15:32:48.075+07:00  INFO 7315 --- [fifpractice] [main] c.f.fifpractice.service.UserService      : Fetching all users
2025-02-07T15:32:48.076+07:00  WARN 7315 --- [fifpractice] [main] c.f.fifpractice.service.UserService      : Attempting to delete user with ID: 123
2025-02-07T15:32:48.077+07:00  INFO 7315 --- [fifpractice] [main] c.f.fifpractice.service.UserService      : Successfully deleted user with ID: 123
2025-02-07T15:32:48.079+07:00  INFO 7315 --- [fifpractice] [main] c.f.fifpractice.service.UserService      : Fetching user with ID: 123
2025-02-07T15:32:48.177+07:00  INFO 7315 --- [fifpractice] [main] c.f.f.service.EquipmentService           : Fetching equipment with ID: 1
2025-02-07T15:32:48.179+07:00  INFO 7315 --- [fifpractice] [main] c.f.f.service.EquipmentService           : Fetching all equipment for user ID: 12345
2025-02-07T15:32:48.182+07:00  INFO 7315 --- [fifpractice] [main] c.f.f.service.EquipmentService           : Successfully saved equipment with ID: 1
2025-02-07T15:32:48.185+07:00  INFO 7315 --- [fifpractice] [main] c.f.f.service.EquipmentService           : Deleted equipment with ID: 1
2025-02-07T15:32:48.189+07:00  INFO 7315 --- [fifpractice] [main] c.f.f.service.EquipmentService           : Attempting to update equipment ID: 1 for user ID: 12345
2025-02-07T15:32:48.190+07:00  INFO 7315 --- [fifpractice] [main] c.f.f.service.EquipmentService           : Updated file for equipment ID: 1
2025-02-07T15:32:48.190+07:00  INFO 7315 --- [fifpractice] [main] c.f.f.service.EquipmentService           : Successfully updated equipment ID: 1
2025-02-07T15:32:48.202+07:00  INFO 7315 --- [fifpractice] [SpringApplicationShutdownHook] j.LocalContainerEntityManagerFactoryBean : Closing JPA EntityManagerFactory for persistence unit 'default'
2025-02-07T15:32:48.204+07:00  INFO 7315 --- [fifpractice] [SpringApplicationShutdownHook] com.zaxxer.hikari.HikariDataSource       : HikariPool-1 - Shutdown initiated...
2025-02-07T15:32:48.213+07:00  INFO 7315 --- [fifpractice] [SpringApplicationShutdownHook] com.zaxxer.hikari.HikariDataSource       : HikariPool-1 - Shutdown completed.
2025-02-07T16:32:46.598+07:00  INFO 38403 --- [fifpractice] [main] c.f.fifpractice.FifpracticeApplication   : Starting FifpracticeApplication using Java 23.0.2 with PID 38403 (/Users/christopheralexander/Downloads/fifpractice/target/classes started by christopheralexander in /Users/christopheralexander/Downloads/fifpractice)
2025-02-07T16:32:46.599+07:00 DEBUG 38403 --- [fifpractice] [main] c.f.fifpractice.FifpracticeApplication   : Running with Spring Boot v3.4.2, Spring v6.2.2
2025-02-07T16:32:46.600+07:00  INFO 38403 --- [fifpractice] [main] c.f.fifpractice.FifpracticeApplication   : No active profile set, falling back to 1 default profile: "default"
2025-02-07T16:32:46.992+07:00  INFO 38403 --- [fifpractice] [main] .s.d.r.c.RepositoryConfigurationDelegate : Bootstrapping Spring Data JPA repositories in DEFAULT mode.
2025-02-07T16:32:47.029+07:00  INFO 38403 --- [fifpractice] [main] .s.d.r.c.RepositoryConfigurationDelegate : Finished Spring Data repository scanning in 31 ms. Found 2 JPA repository interfaces.
2025-02-07T16:32:47.353+07:00  INFO 38403 --- [fifpractice] [main] o.s.b.w.embedded.tomcat.TomcatWebServer  : Tomcat initialized with port 8080 (http)
2025-02-07T16:32:47.375+07:00  INFO 38403 --- [fifpractice] [main] o.apache.catalina.core.StandardService   : Starting service [Tomcat]
2025-02-07T16:32:47.376+07:00  INFO 38403 --- [fifpractice] [main] o.apache.catalina.core.StandardEngine    : Starting Servlet engine: [Apache Tomcat/10.1.34]
2025-02-07T16:32:47.425+07:00  INFO 38403 --- [fifpractice] [main] o.a.c.c.C.[Tomcat].[localhost].[/]       : Initializing Spring embedded WebApplicationContext
2025-02-07T16:32:47.426+07:00  INFO 38403 --- [fifpractice] [main] w.s.c.ServletWebServerApplicationContext : Root WebApplicationContext: initialization completed in 785 ms
2025-02-07T16:32:47.526+07:00  INFO 38403 --- [fifpractice] [main] o.hibernate.jpa.internal.util.LogHelper  : HHH000204: Processing PersistenceUnitInfo [name: default]
2025-02-07T16:32:47.567+07:00  INFO 38403 --- [fifpractice] [main] org.hibernate.Version                    : HHH000412: Hibernate ORM core version 6.6.5.Final
2025-02-07T16:32:47.590+07:00  INFO 38403 --- [fifpractice] [main] o.h.c.internal.RegionFactoryInitiator    : HHH000026: Second-level cache disabled
2025-02-07T16:32:47.779+07:00  INFO 38403 --- [fifpractice] [main] o.s.o.j.p.SpringPersistenceUnitInfo      : No LoadTimeWeaver setup: ignoring JPA class transformer
2025-02-07T16:32:47.799+07:00  INFO 38403 --- [fifpractice] [main] com.zaxxer.hikari.HikariDataSource       : HikariPool-1 - Starting...
2025-02-07T16:32:47.964+07:00  INFO 38403 --- [fifpractice] [main] com.zaxxer.hikari.pool.HikariPool        : HikariPool-1 - Added connection com.mysql.cj.jdbc.ConnectionImpl@64b73e0a
2025-02-07T16:32:47.966+07:00  INFO 38403 --- [fifpractice] [main] com.zaxxer.hikari.HikariDataSource       : HikariPool-1 - Start completed.
2025-02-07T16:32:48.013+07:00  WARN 38403 --- [fifpractice] [main] org.hibernate.orm.deprecation            : HHH90000025: MySQL8Dialect does not need to be specified explicitly using 'hibernate.dialect' (remove the property setting and it will be selected by default)
2025-02-07T16:32:48.014+07:00  WARN 38403 --- [fifpractice] [main] org.hibernate.orm.deprecation            : HHH90000026: MySQL8Dialect has been deprecated; use org.hibernate.dialect.MySQLDialect instead
2025-02-07T16:32:48.026+07:00  INFO 38403 --- [fifpractice] [main] org.hibernate.orm.connections.pooling    : HHH10001005: Database info:
	Database JDBC URL [Connecting through datasource 'HikariDataSource (HikariPool-1)']
	Database driver: undefined/unknown
	Database version: 8.0
	Autocommit mode: undefined/unknown
	Isolation level: undefined/unknown
	Minimum pool size: undefined/unknown
	Maximum pool size: undefined/unknown
2025-02-07T16:32:48.626+07:00  INFO 38403 --- [fifpractice] [main] o.h.e.t.j.p.i.JtaPlatformInitiator       : HHH000489: No JTA platform available (set 'hibernate.transaction.jta.platform' to enable JTA platform integration)
2025-02-07T16:32:48.716+07:00  INFO 38403 --- [fifpractice] [main] j.LocalContainerEntityManagerFactoryBean : Initialized JPA EntityManagerFactory for persistence unit 'default'
2025-02-07T16:32:48.985+07:00  WARN 38403 --- [fifpractice] [main] JpaBaseConfiguration$JpaWebConfiguration : spring.jpa.open-in-view is enabled by default. Therefore, database queries may be performed during view rendering. Explicitly configure spring.jpa.open-in-view to disable this warning
2025-02-07T16:32:49.220+07:00  INFO 38403 --- [fifpractice] [main] o.s.b.w.embedded.tomcat.TomcatWebServer  : Tomcat started on port 8080 (http) with context path '/'
2025-02-07T16:32:49.227+07:00  INFO 38403 --- [fifpractice] [main] c.f.fifpractice.FifpracticeApplication   : Started FifpracticeApplication in 2.924 seconds (process running for 3.164)
2025-02-07T16:32:57.285+07:00  INFO 38403 --- [fifpractice] [http-nio-8080-exec-1] o.a.c.c.C.[Tomcat].[localhost].[/]       : Initializing Spring DispatcherServlet 'dispatcherServlet'
2025-02-07T16:32:57.286+07:00  INFO 38403 --- [fifpractice] [http-nio-8080-exec-1] o.s.web.servlet.DispatcherServlet        : Initializing Servlet 'dispatcherServlet'
2025-02-07T16:32:57.288+07:00  INFO 38403 --- [fifpractice] [http-nio-8080-exec-1] o.s.web.servlet.DispatcherServlet        : Completed initialization in 2 ms
2025-02-07T16:32:57.333+07:00  INFO 38403 --- [fifpractice] [http-nio-8080-exec-1] c.f.f.controller.EquipmentController     : Fetching all equipment for user ID: 123456
2025-02-07T16:32:57.334+07:00  INFO 38403 --- [fifpractice] [http-nio-8080-exec-1] c.f.f.service.EquipmentService           : Fetching all equipment for user ID: 123456
2025-02-07T16:33:01.588+07:00  INFO 38403 --- [fifpractice] [http-nio-8080-exec-3] c.f.f.controller.EquipmentController     : Fetching all equipment for user ID: 123456
2025-02-07T16:33:01.588+07:00  INFO 38403 --- [fifpractice] [http-nio-8080-exec-3] c.f.f.service.EquipmentService           : Fetching all equipment for user ID: 123456
2025-02-07T16:33:43.824+07:00  INFO 38403 --- [fifpractice] [http-nio-8080-exec-4] c.f.f.controller.EquipmentController     : Uploading new equipment for user ID: 123456
2025-02-07T16:33:43.825+07:00  INFO 38403 --- [fifpractice] [http-nio-8080-exec-4] c.f.fifpractice.service.UserService      : Fetching user with ID: 123456
2025-02-07T16:33:43.905+07:00  INFO 38403 --- [fifpractice] [http-nio-8080-exec-4] c.f.f.service.EquipmentService           : Successfully saved equipment with ID: 8
2025-02-07T16:34:19.619+07:00  INFO 38403 --- [fifpractice] [SpringApplicationShutdownHook] o.s.b.w.e.tomcat.GracefulShutdown        : Commencing graceful shutdown. Waiting for active requests to complete
2025-02-07T16:34:19.629+07:00  INFO 38403 --- [fifpractice] [tomcat-shutdown] o.s.b.w.e.tomcat.GracefulShutdown        : Graceful shutdown complete
2025-02-07T16:34:19.641+07:00  INFO 38403 --- [fifpractice] [SpringApplicationShutdownHook] j.LocalContainerEntityManagerFactoryBean : Closing JPA EntityManagerFactory for persistence unit 'default'
2025-02-07T16:34:19.646+07:00  INFO 38403 --- [fifpractice] [SpringApplicationShutdownHook] com.zaxxer.hikari.HikariDataSource       : HikariPool-1 - Shutdown initiated...
2025-02-07T16:34:19.657+07:00  INFO 38403 --- [fifpractice] [SpringApplicationShutdownHook] com.zaxxer.hikari.HikariDataSource       : HikariPool-1 - Shutdown completed.
